<?xml version="1.0" encoding="UTF-8"?>
<coverage generated="1626863781361" clover="3.2.0">
  <project timestamp="1626863781361" name="All files">
    <metrics statements="21" coveredstatements="17" conditionals="6" coveredconditionals="5" methods="8" coveredmethods="6" elements="35" coveredelements="28" complexity="0" loc="21" ncloc="21" packages="1" files="2" classes="2"/>
    <file name="classes.js" path="/Users/katiewalker/Documents/nology/hostile-aliens-challenge/scripts/classes.js">
      <metrics statements="10" coveredstatements="10" conditionals="2" coveredconditionals="2" methods="4" coveredmethods="4"/>
      <line num="3" count="12" type="stmt"/>
      <line num="4" count="12" type="stmt"/>
      <line num="5" count="12" type="stmt"/>
      <line num="6" count="12" type="stmt"/>
      <line num="7" count="12" type="stmt"/>
      <line num="8" count="12" type="stmt"/>
      <line num="12" count="1" type="stmt"/>
      <line num="16" count="2" type="cond" truecount="2" falsecount="0"/>
      <line num="17" count="1" type="stmt"/>
      <line num="22" count="1" type="stmt"/>
    </file>
    <file name="helperFunctions.js" path="/Users/katiewalker/Documents/nology/hostile-aliens-challenge/scripts/helperFunctions.js">
      <metrics statements="11" coveredstatements="7" conditionals="4" coveredconditionals="3" methods="4" coveredmethods="2"/>
      <line num="1" count="1" type="stmt"/>
      <line num="2" count="3" type="cond" truecount="2" falsecount="0"/>
      <line num="3" count="1" type="stmt"/>
      <line num="5" count="2" type="cond" truecount="1" falsecount="1"/>
      <line num="6" count="0" type="stmt"/>
      <line num="8" count="2" type="stmt"/>
      <line num="11" count="1" type="stmt"/>
      <line num="12" count="0" type="stmt"/>
      <line num="15" count="1" type="stmt"/>
      <line num="16" count="0" type="stmt"/>
      <line num="17" count="0" type="stmt"/>
    </file>
  </project>
</coverage>
