TN:
SF:scripts/classes.js
FN:2,(anonymous_0)
FN:11,(anonymous_1)
FN:15,(anonymous_2)
FN:21,(anonymous_3)
FNF:4
FNH:4
FNDA:12,(anonymous_0)
FNDA:1,(anonymous_1)
FNDA:2,(anonymous_2)
FNDA:1,(anonymous_3)
DA:3,12
DA:4,12
DA:5,12
DA:6,12
DA:7,12
DA:8,12
DA:12,1
DA:16,2
DA:17,1
DA:22,1
LF:10
LH:10
BRDA:16,0,0,1
BRDA:16,0,1,1
BRF:2
BRH:2
end_of_record
TN:
SF:scripts/helperFunctions.js
FN:1,(anonymous_0)
FN:5,(anonymous_1)
FN:11,(anonymous_2)
FN:15,(anonymous_3)
FNF:4
FNH:2
FNDA:3,(anonymous_0)
FNDA:2,(anonymous_1)
FNDA:0,(anonymous_2)
FNDA:0,(anonymous_3)
DA:1,1
DA:2,3
DA:3,1
DA:5,2
DA:6,0
DA:8,2
DA:11,1
DA:12,0
DA:15,1
DA:16,0
DA:17,0
LF:11
LH:7
BRDA:2,0,0,1
BRDA:2,0,1,2
BRDA:5,1,0,0
BRDA:5,1,1,2
BRF:4
BRH:3
end_of_record
